# JRE version: Java(TM) SE Runtime Environment (24.0.1+9) (build 24.0.1+9-30)
# Java VM: Java HotSpot(TM) 64-Bit Server VM (24.0.1+9-30, mixed mode, sharing, tiered, compressed oops, compressed class ptrs, g1 gc, windows-amd64)
GC Precious Log:
 CardTable entry size: 512
 Card Set container configuration: InlinePtr #cards 4 size 8 Array Of Cards #cards 32 size 80 Howl #buckets 8 coarsen threshold 7372 Howl Bitmap #cards 1024 size 144 coarsen threshold 921 Card regions per heap region 1 cards per card region 8192
 CPUs: 12 total, 12 available
 Memory: 7484M
 Large Page Support: Disabled
 NUMA Support: Disabled
 Compressed Oops: Enabled (Zero based)
 Heap Region Size: 4M
 Heap Min Capacity: 8M
 Heap Initial Capacity: 120M
 Heap Max Capacity: 8G
 Pre-touch: Disabled
 Parallel Workers: 10
 Concurrent Workers: 3
 Concurrent Refinement Workers: 10
 Periodic GC: Disabled
Heap:
 garbage-first heap   total reserved 8388608K, committed 212992K, used 129852K [0x0000000600000000, 0x0000000800000000)
  region size 4096K, 3 young (12288K), 2 survivors (8192K)
 Metaspace       used 99851K, committed 102144K, reserved 1179648K
  class space    used 11260K, committed 12352K, reserved 1048576K
GC Heap History (20 events):
Event: 25.856 GC heap before
{Heap before GC invocations=35 (full 0):
 garbage-first heap   total reserved 8388608K, committed 143360K, used 116050K [0x0000000600000000, 0x0000000800000000)
  region size 4096K, 10 young (40960K), 2 survivors (8192K)
 Metaspace       used 74346K, committed 76480K, reserved 1179648K
  class space    used 8613K, committed 9600K, reserved 1048576K
}
Event: 25.862 GC heap after
{Heap after GC invocations=36 (full 0):
 garbage-first heap   total reserved 8388608K, committed 143360K, used 83259K [0x0000000600000000, 0x0000000800000000)
  region size 4096K, 2 young (8192K), 2 survivors (8192K)
 Metaspace       used 74346K, committed 76480K, reserved 1179648K
  class space    used 8613K, committed 9600K, reserved 1048576K
}
Event: 26.475 GC heap before
{Heap before GC invocations=36 (full 0):
 garbage-first heap   total reserved 8388608K, committed 143360K, used 95547K [0x0000000600000000, 0x0000000800000000)
  region size 4096K, 7 young (28672K), 2 survivors (8192K)
 Metaspace       used 75069K, committed 77184K, reserved 1179648K
  class space    used 8694K, committed 9664K, reserved 1048576K
}
Event: 26.481 GC heap after
{Heap after GC invocations=37 (full 0):
 garbage-first heap   total reserved 8388608K, committed 176128K, used 91011K [0x0000000600000000, 0x0000000800000000)
  region size 4096K, 2 young (8192K), 2 survivors (8192K)
 Metaspace       used 75069K, committed 77184K, reserved 1179648K
  class space    used 8694K, committed 9664K, reserved 1048576K
}
Event: 28.790 GC heap before
{Heap before GC invocations=37 (full 0):
 garbage-first heap   total reserved 8388608K, committed 176128K, used 152451K [0x0000000600000000, 0x0000000800000000)
  region size 4096K, 17 young (69632K), 2 survivors (8192K)
 Metaspace       used 78814K, committed 81024K, reserved 1179648K
  class space    used 8960K, committed 9984K, reserved 1048576K
}
Event: 28.795 GC heap after
{Heap after GC invocations=38 (full 0):
 garbage-first heap   total reserved 8388608K, committed 176128K, used 104605K [0x0000000600000000, 0x0000000800000000)
  region size 4096K, 3 young (12288K), 3 survivors (12288K)
 Metaspace       used 78814K, committed 81024K, reserved 1179648K
  class space    used 8960K, committed 9984K, reserved 1048576K
}
Event: 29.755 GC heap before
{Heap before GC invocations=38 (full 0):
 garbage-first heap   total reserved 8388608K, committed 176128K, used 145565K [0x0000000600000000, 0x0000000800000000)
  region size 4096K, 14 young (57344K), 3 survivors (12288K)
 Metaspace       used 80938K, committed 83072K, reserved 1179648K
  class space    used 9139K, committed 10112K, reserved 1048576K
}
Event: 29.761 GC heap after
{Heap after GC invocations=39 (full 0):
 garbage-first heap   total reserved 8388608K, committed 176128K, used 111176K [0x0000000600000000, 0x0000000800000000)
  region size 4096K, 2 young (8192K), 2 survivors (8192K)
 Metaspace       used 80938K, committed 83072K, reserved 1179648K
  class space    used 9139K, committed 10112K, reserved 1048576K
}
Event: 30.661 GC heap before
{Heap before GC invocations=40 (full 0):
 garbage-first heap   total reserved 8388608K, committed 192512K, used 152136K [0x0000000600000000, 0x0000000800000000)
  region size 4096K, 12 young (49152K), 2 survivors (8192K)
 Metaspace       used 83667K, committed 85824K, reserved 1179648K
  class space    used 9448K, committed 10432K, reserved 1048576K
}
Event: 30.665 GC heap after
{Heap after GC invocations=41 (full 0):
 garbage-first heap   total reserved 8388608K, committed 192512K, used 113632K [0x0000000600000000, 0x0000000800000000)
  region size 4096K, 1 young (4096K), 1 survivors (4096K)
 Metaspace       used 83667K, committed 85824K, reserved 1179648K
  class space    used 9448K, committed 10432K, reserved 1048576K
}
Event: 32.461 GC heap before
{Heap before GC invocations=41 (full 0):
 garbage-first heap   total reserved 8388608K, committed 192512K, used 170976K [0x0000000600000000, 0x0000000800000000)
  region size 4096K, 14 young (57344K), 1 survivors (4096K)
 Metaspace       used 87199K, committed 89408K, reserved 1179648K
  class space    used 9807K, committed 10816K, reserved 1048576K
}
Event: 32.466 GC heap after
{Heap after GC invocations=42 (full 0):
 garbage-first heap   total reserved 8388608K, committed 192512K, used 120386K [0x0000000600000000, 0x0000000800000000)
  region size 4096K, 2 young (8192K), 2 survivors (8192K)
 Metaspace       used 87199K, committed 89408K, reserved 1179648K
  class space    used 9807K, committed 10816K, reserved 1048576K
}
Event: 35.859 GC heap before
{Heap before GC invocations=42 (full 0):
 garbage-first heap   total reserved 8388608K, committed 192512K, used 169538K [0x0000000600000000, 0x0000000800000000)
  region size 4096K, 14 young (57344K), 2 survivors (8192K)
 Metaspace       used 88799K, committed 91008K, reserved 1179648K
  class space    used 9994K, committed 11008K, reserved 1048576K
}
Event: 35.867 GC heap after
{Heap after GC invocations=43 (full 0):
 garbage-first heap   total reserved 8388608K, committed 192512K, used 124965K [0x0000000600000000, 0x0000000800000000)
  region size 4096K, 2 young (8192K), 2 survivors (8192K)
 Metaspace       used 88799K, committed 91008K, reserved 1179648K
  class space    used 9994K, committed 11008K, reserved 1048576K
}
Event: 36.538 GC heap before
{Heap before GC invocations=44 (full 0):
 garbage-first heap   total reserved 8388608K, committed 212992K, used 165925K [0x0000000600000000, 0x0000000800000000)
  region size 4096K, 12 young (49152K), 2 survivors (8192K)
 Metaspace       used 91607K, committed 93888K, reserved 1179648K
  class space    used 10328K, committed 11392K, reserved 1048576K
}
Event: 36.543 GC heap after
{Heap after GC invocations=45 (full 0):
 garbage-first heap   total reserved 8388608K, committed 212992K, used 127600K [0x0000000600000000, 0x0000000800000000)
  region size 4096K, 1 young (4096K), 1 survivors (4096K)
 Metaspace       used 91607K, committed 93888K, reserved 1179648K
  class space    used 10328K, committed 11392K, reserved 1048576K
}
Event: 37.676 GC heap before
{Heap before GC invocations=45 (full 0):
 garbage-first heap   total reserved 8388608K, committed 212992K, used 189040K [0x0000000600000000, 0x0000000800000000)
  region size 4096K, 16 young (65536K), 1 survivors (4096K)
 Metaspace       used 96286K, committed 98560K, reserved 1179648K
  class space    used 10877K, committed 11968K, reserved 1048576K
}
Event: 37.680 GC heap after
{Heap after GC invocations=46 (full 0):
 garbage-first heap   total reserved 8388608K, committed 212992K, used 127153K [0x0000000600000000, 0x0000000800000000)
  region size 4096K, 1 young (4096K), 1 survivors (4096K)
 Metaspace       used 96286K, committed 98560K, reserved 1179648K
  class space    used 10877K, committed 11968K, reserved 1048576K
}
Event: 38.476 GC heap before
{Heap before GC invocations=46 (full 0):
 garbage-first heap   total reserved 8388608K, committed 212992K, used 188593K [0x0000000600000000, 0x0000000800000000)
  region size 4096K, 16 young (65536K), 1 survivors (4096K)
 Metaspace       used 99658K, committed 102016K, reserved 1179648K
  class space    used 11230K, committed 12352K, reserved 1048576K
}
Event: 38.482 GC heap after
{Heap after GC invocations=47 (full 0):
 garbage-first heap   total reserved 8388608K, committed 212992K, used 129852K [0x0000000600000000, 0x0000000800000000)
  region size 4096K, 2 young (8192K), 2 survivors (8192K)
 Metaspace       used 99658K, committed 102016K, reserved 1179648K
  class space    used 11230K, committed 12352K, reserved 1048576K
}

