# JRE version: Java(TM) SE Runtime Environment (24.0.1+9) (build 24.0.1+9-30)
# Java VM: Java HotSpot(TM) 64-Bit Server VM (24.0.1+9-30, mixed mode, sharing, tiered, compressed oops, compressed class ptrs, g1 gc, windows-amd64)
GC Precious Log:
 CardTable entry size: 512
 Card Set container configuration: InlinePtr #cards 4 size 8 Array Of Cards #cards 32 size 80 Howl #buckets 8 coarsen threshold 7372 Howl Bitmap #cards 1024 size 144 coarsen threshold 921 Card regions per heap region 1 cards per card region 8192
 CPUs: 12 total, 12 available
 Memory: 7484M
 Large Page Support: Disabled
 NUMA Support: Disabled
 Compressed Oops: Enabled (Zero based)
 Heap Region Size: 4M
 Heap Min Capacity: 8M
 Heap Initial Capacity: 120M
 Heap Max Capacity: 8G
 Pre-touch: Disabled
 Parallel Workers: 10
 Concurrent Workers: 3
 Concurrent Refinement Workers: 10
 Periodic GC: Disabled
Heap:
 garbage-first heap   total reserved 8388608K, committed 516096K, used 317923K [0x0000000600000000, 0x0000000800000000)
  region size 4096K, 27 young (110592K), 2 survivors (8192K)
 Metaspace       used 116525K, committed 119104K, reserved 1179648K
  class space    used 13215K, committed 14464K, reserved 1048576K
GC Heap History (20 events):
Event: 87.687 GC heap before
{Heap before GC invocations=66 (full 0):
 garbage-first heap   total reserved 8388608K, committed 356352K, used 311454K [0x0000000600000000, 0x0000000800000000)
  region size 4096K, 25 young (102400K), 1 survivors (4096K)
 Metaspace       used 114580K, committed 117120K, reserved 1179648K
  class space    used 13137K, committed 14336K, reserved 1048576K
}
Event: 87.972 GC heap after
{Heap after GC invocations=67 (full 0):
 garbage-first heap   total reserved 8388608K, committed 356352K, used 193792K [0x0000000600000000, 0x0000000800000000)
  region size 4096K, 2 young (8192K), 2 survivors (8192K)
 Metaspace       used 114580K, committed 117120K, reserved 1179648K
  class space    used 13137K, committed 14336K, reserved 1048576K
}
Event: 90.537 GC heap before
{Heap before GC invocations=67 (full 0):
 garbage-first heap   total reserved 8388608K, committed 356352K, used 296192K [0x0000000600000000, 0x0000000800000000)
  region size 4096K, 27 young (110592K), 2 survivors (8192K)
 Metaspace       used 114737K, committed 117248K, reserved 1179648K
  class space    used 13141K, committed 14336K, reserved 1048576K
}
Event: 90.597 GC heap after
{Heap after GC invocations=68 (full 0):
 garbage-first heap   total reserved 8388608K, committed 356352K, used 198428K [0x0000000600000000, 0x0000000800000000)
  region size 4096K, 4 young (16384K), 4 survivors (16384K)
 Metaspace       used 114737K, committed 117248K, reserved 1179648K
  class space    used 13141K, committed 14336K, reserved 1048576K
}
Event: 91.796 GC heap before
{Heap before GC invocations=68 (full 0):
 garbage-first heap   total reserved 8388608K, committed 356352K, used 296732K [0x0000000600000000, 0x0000000800000000)
  region size 4096K, 28 young (114688K), 4 survivors (16384K)
 Metaspace       used 114891K, committed 117440K, reserved 1179648K
  class space    used 13142K, committed 14336K, reserved 1048576K
}
Event: 91.853 GC heap after
{Heap after GC invocations=69 (full 0):
 garbage-first heap   total reserved 8388608K, committed 356352K, used 204490K [0x0000000600000000, 0x0000000800000000)
  region size 4096K, 4 young (16384K), 4 survivors (16384K)
 Metaspace       used 114891K, committed 117440K, reserved 1179648K
  class space    used 13142K, committed 14336K, reserved 1048576K
}
Event: 93.236 GC heap before
{Heap before GC invocations=69 (full 0):
 garbage-first heap   total reserved 8388608K, committed 356352K, used 306890K [0x0000000600000000, 0x0000000800000000)
  region size 4096K, 30 young (122880K), 4 survivors (16384K)
 Metaspace       used 115407K, committed 117952K, reserved 1179648K
  class space    used 13176K, committed 14400K, reserved 1048576K
}
Event: 93.300 GC heap after
{Heap after GC invocations=70 (full 0):
 garbage-first heap   total reserved 8388608K, committed 356352K, used 219018K [0x0000000600000000, 0x0000000800000000)
  region size 4096K, 4 young (16384K), 4 survivors (16384K)
 Metaspace       used 115407K, committed 117952K, reserved 1179648K
  class space    used 13176K, committed 14400K, reserved 1048576K
}
Event: 97.314 GC heap before
{Heap before GC invocations=70 (full 0):
 garbage-first heap   total reserved 8388608K, committed 356352K, used 313226K [0x0000000600000000, 0x0000000800000000)
  region size 4096K, 27 young (110592K), 4 survivors (16384K)
 Metaspace       used 115484K, committed 118080K, reserved 1179648K
  class space    used 13177K, committed 14400K, reserved 1048576K
}
Event: 97.354 GC heap after
{Heap after GC invocations=71 (full 0):
 garbage-first heap   total reserved 8388608K, committed 356352K, used 225170K [0x0000000600000000, 0x0000000800000000)
  region size 4096K, 2 young (8192K), 2 survivors (8192K)
 Metaspace       used 115484K, committed 118080K, reserved 1179648K
  class space    used 13177K, committed 14400K, reserved 1048576K
}
Event: 99.208 GC heap before
{Heap before GC invocations=72 (full 0):
 garbage-first heap   total reserved 8388608K, committed 385024K, used 319378K [0x0000000600000000, 0x0000000800000000)
  region size 4096K, 25 young (102400K), 2 survivors (8192K)
 Metaspace       used 115582K, committed 118208K, reserved 1179648K
  class space    used 13181K, committed 14400K, reserved 1048576K
}
Event: 99.260 GC heap after
{Heap after GC invocations=73 (full 0):
 garbage-first heap   total reserved 8388608K, committed 385024K, used 228652K [0x0000000600000000, 0x0000000800000000)
  region size 4096K, 3 young (12288K), 3 survivors (12288K)
 Metaspace       used 115582K, committed 118208K, reserved 1179648K
  class space    used 13181K, committed 14400K, reserved 1048576K
}
Event: 101.192 GC heap before
{Heap before GC invocations=73 (full 0):
 garbage-first heap   total reserved 8388608K, committed 385024K, used 343340K [0x0000000600000000, 0x0000000800000000)
  region size 4096K, 31 young (126976K), 3 survivors (12288K)
 Metaspace       used 115755K, committed 118336K, reserved 1179648K
  class space    used 13182K, committed 14400K, reserved 1048576K
}
Event: 101.242 GC heap after
{Heap after GC invocations=74 (full 0):
 garbage-first heap   total reserved 8388608K, committed 516096K, used 212205K [0x0000000600000000, 0x0000000800000000)
  region size 4096K, 4 young (16384K), 4 survivors (16384K)
 Metaspace       used 115755K, committed 118336K, reserved 1179648K
  class space    used 13182K, committed 14400K, reserved 1048576K
}
Event: 103.342 GC heap before
{Heap before GC invocations=74 (full 0):
 garbage-first heap   total reserved 8388608K, committed 516096K, used 392429K [0x0000000600000000, 0x0000000800000000)
  region size 4096K, 48 young (196608K), 4 survivors (16384K)
 Metaspace       used 116010K, committed 118592K, reserved 1179648K
  class space    used 13186K, committed 14400K, reserved 1048576K
}
Event: 103.362 GC heap after
{Heap after GC invocations=75 (full 0):
 garbage-first heap   total reserved 8388608K, committed 516096K, used 228076K [0x0000000600000000, 0x0000000800000000)
  region size 4096K, 6 young (24576K), 6 survivors (24576K)
 Metaspace       used 116010K, committed 118592K, reserved 1179648K
  class space    used 13186K, committed 14400K, reserved 1048576K
}
Event: 106.920 GC heap before
{Heap before GC invocations=75 (full 0):
 garbage-first heap   total reserved 8388608K, committed 516096K, used 400108K [0x0000000600000000, 0x0000000800000000)
  region size 4096K, 48 young (196608K), 6 survivors (24576K)
 Metaspace       used 116196K, committed 118784K, reserved 1179648K
  class space    used 13193K, committed 14400K, reserved 1048576K
}
Event: 106.989 GC heap after
{Heap after GC invocations=76 (full 0):
 garbage-first heap   total reserved 8388608K, committed 516096K, used 242725K [0x0000000600000000, 0x0000000800000000)
  region size 4096K, 4 young (16384K), 4 survivors (16384K)
 Metaspace       used 116196K, committed 118784K, reserved 1179648K
  class space    used 13193K, committed 14400K, reserved 1048576K
}
Event: 151.318 GC heap before
{Heap before GC invocations=76 (full 0):
 garbage-first heap   total reserved 8388608K, committed 516096K, used 422949K [0x0000000600000000, 0x0000000800000000)
  region size 4096K, 48 young (196608K), 4 survivors (16384K)
 Metaspace       used 116446K, committed 119040K, reserved 1179648K
  class space    used 13215K, committed 14464K, reserved 1048576K
}
Event: 151.444 GC heap after
{Heap after GC invocations=77 (full 0):
 garbage-first heap   total reserved 8388608K, committed 516096K, used 236003K [0x0000000600000000, 0x0000000800000000)
  region size 4096K, 2 young (8192K), 2 survivors (8192K)
 Metaspace       used 116446K, committed 119040K, reserved 1179648K
  class space    used 13215K, committed 14464K, reserved 1048576K
}

