# JRE version: OpenJDK Runtime Environment Temurin-21.0.8+9 (21.0.8+9) (build 21.0.8+9-LTS)
# Java VM: OpenJDK 64-Bit Server VM Temurin-21.0.8+9 (21.0.8+9-LTS, mixed mode, sharing, tiered, compressed oops, compressed class ptrs, parallel gc, windows-amd64)
GC Precious Log:
 CardTable entry size: 512
 CPUs: 12 total, 12 available
 Memory: 7484M
 Large Page Support: Disabled
 NUMA Support: Disabled
 Compressed Oops: Enabled (32-bit)
 Alignments: Space 512K, Generation 512K, Heap 2M
 Heap Min Capacity: 100M
 Heap Initial Capacity: 100M
 Heap Max Capacity: 2G
 Pre-touch: Disabled
 Parallel Workers: 10
Heap:
 PSYoungGen      total 12288K, used 9818K [0x00000000d5580000, 0x00000000d7900000, 0x0000000100000000)
  eden space 11776K, 79% used [0x00000000d5580000,0x00000000d5e9aae0,0x00000000d6100000)
  from space 512K, 96% used [0x00000000d6980000,0x00000000d69fbfd8,0x00000000d6a00000)
  to   space 8704K, 0% used [0x00000000d6100000,0x00000000d6100000,0x00000000d6980000)
 ParOldGen       total 358400K, used 318055K [0x0000000080000000, 0x0000000095e00000, 0x00000000d5580000)
  object space 358400K, 88% used [0x0000000080000000,0x0000000093699c68,0x0000000095e00000)
 Metaspace       used 79312K, committed 80960K, reserved 1179648K
  class space    used 9711K, committed 10432K, reserved 1048576K
GC Heap History (20 events):
Event: 269.082 GC heap before
{Heap before GC invocations=816 (full 3):
 PSYoungGen      total 19456K, used 19136K [0x00000000d5580000, 0x00000000d6a00000, 0x0000000100000000)
  eden space 18944K, 100% used [0x00000000d5580000,0x00000000d6800000,0x00000000d6800000)
  from space 512K, 37% used [0x00000000d6980000,0x00000000d69b0000,0x00000000d6a00000)
  to   space 512K, 0% used [0x00000000d6900000,0x00000000d6900000,0x00000000d6980000)
 ParOldGen       total 358400K, used 310902K [0x0000000080000000, 0x0000000095e00000, 0x00000000d5580000)
  object space 358400K, 86% used [0x0000000080000000,0x0000000092f9d8b0,0x0000000095e00000)
 Metaspace       used 79135K, committed 80768K, reserved 1179648K
  class space    used 9691K, committed 10432K, reserved 1048576K
}
Event: 269.088 GC heap after
{Heap after GC invocations=816 (full 3):
 PSYoungGen      total 19456K, used 160K [0x00000000d5580000, 0x00000000d6a00000, 0x0000000100000000)
  eden space 18944K, 0% used [0x00000000d5580000,0x00000000d5580000,0x00000000d6800000)
  from space 512K, 31% used [0x00000000d6900000,0x00000000d6928000,0x00000000d6980000)
  to   space 512K, 0% used [0x00000000d6980000,0x00000000d6980000,0x00000000d6a00000)
 ParOldGen       total 358400K, used 310958K [0x0000000080000000, 0x0000000095e00000, 0x00000000d5580000)
  object space 358400K, 86% used [0x0000000080000000,0x0000000092fab8b0,0x0000000095e00000)
 Metaspace       used 79135K, committed 80768K, reserved 1179648K
  class space    used 9691K, committed 10432K, reserved 1048576K
}
Event: 269.263 GC heap before
{Heap before GC invocations=817 (full 3):
 PSYoungGen      total 19456K, used 19104K [0x00000000d5580000, 0x00000000d6a00000, 0x0000000100000000)
  eden space 18944K, 100% used [0x00000000d5580000,0x00000000d6800000,0x00000000d6800000)
  from space 512K, 31% used [0x00000000d6900000,0x00000000d6928000,0x00000000d6980000)
  to   space 512K, 0% used [0x00000000d6980000,0x00000000d6980000,0x00000000d6a00000)
 ParOldGen       total 358400K, used 310958K [0x0000000080000000, 0x0000000095e00000, 0x00000000d5580000)
  object space 358400K, 86% used [0x0000000080000000,0x0000000092fab8b0,0x0000000095e00000)
 Metaspace       used 79135K, committed 80768K, reserved 1179648K
  class space    used 9691K, committed 10432K, reserved 1048576K
}
Event: 269.266 GC heap after
{Heap after GC invocations=817 (full 3):
 PSYoungGen      total 19456K, used 192K [0x00000000d5580000, 0x00000000d6a00000, 0x0000000100000000)
  eden space 18944K, 0% used [0x00000000d5580000,0x00000000d5580000,0x00000000d6800000)
  from space 512K, 37% used [0x00000000d6980000,0x00000000d69b0000,0x00000000d6a00000)
  to   space 512K, 0% used [0x00000000d6900000,0x00000000d6900000,0x00000000d6980000)
 ParOldGen       total 358400K, used 311006K [0x0000000080000000, 0x0000000095e00000, 0x00000000d5580000)
  object space 358400K, 86% used [0x0000000080000000,0x0000000092fb78b0,0x0000000095e00000)
 Metaspace       used 79135K, committed 80768K, reserved 1179648K
  class space    used 9691K, committed 10432K, reserved 1048576K
}
Event: 269.473 GC heap before
{Heap before GC invocations=818 (full 3):
 PSYoungGen      total 19456K, used 19136K [0x00000000d5580000, 0x00000000d6a00000, 0x0000000100000000)
  eden space 18944K, 100% used [0x00000000d5580000,0x00000000d6800000,0x00000000d6800000)
  from space 512K, 37% used [0x00000000d6980000,0x00000000d69b0000,0x00000000d6a00000)
  to   space 512K, 0% used [0x00000000d6900000,0x00000000d6900000,0x00000000d6980000)
 ParOldGen       total 358400K, used 311006K [0x0000000080000000, 0x0000000095e00000, 0x00000000d5580000)
  object space 358400K, 86% used [0x0000000080000000,0x0000000092fb78b0,0x0000000095e00000)
 Metaspace       used 79135K, committed 80768K, reserved 1179648K
  class space    used 9691K, committed 10432K, reserved 1048576K
}
Event: 269.474 GC heap after
{Heap after GC invocations=818 (full 3):
 PSYoungGen      total 19456K, used 96K [0x00000000d5580000, 0x00000000d6a00000, 0x0000000100000000)
  eden space 18944K, 0% used [0x00000000d5580000,0x00000000d5580000,0x00000000d6800000)
  from space 512K, 18% used [0x00000000d6900000,0x00000000d6918000,0x00000000d6980000)
  to   space 512K, 0% used [0x00000000d6980000,0x00000000d6980000,0x00000000d6a00000)
 ParOldGen       total 358400K, used 311006K [0x0000000080000000, 0x0000000095e00000, 0x00000000d5580000)
  object space 358400K, 86% used [0x0000000080000000,0x0000000092fb78b0,0x0000000095e00000)
 Metaspace       used 79135K, committed 80768K, reserved 1179648K
  class space    used 9691K, committed 10432K, reserved 1048576K
}
Event: 269.628 GC heap before
{Heap before GC invocations=819 (full 3):
 PSYoungGen      total 19456K, used 19040K [0x00000000d5580000, 0x00000000d6a00000, 0x0000000100000000)
  eden space 18944K, 100% used [0x00000000d5580000,0x00000000d6800000,0x00000000d6800000)
  from space 512K, 18% used [0x00000000d6900000,0x00000000d6918000,0x00000000d6980000)
  to   space 512K, 0% used [0x00000000d6980000,0x00000000d6980000,0x00000000d6a00000)
 ParOldGen       total 358400K, used 311006K [0x0000000080000000, 0x0000000095e00000, 0x00000000d5580000)
  object space 358400K, 86% used [0x0000000080000000,0x0000000092fb78b0,0x0000000095e00000)
 Metaspace       used 79135K, committed 80768K, reserved 1179648K
  class space    used 9691K, committed 10432K, reserved 1048576K
}
Event: 269.629 GC heap after
{Heap after GC invocations=819 (full 3):
 PSYoungGen      total 19456K, used 96K [0x00000000d5580000, 0x00000000d6a00000, 0x0000000100000000)
  eden space 18944K, 0% used [0x00000000d5580000,0x00000000d5580000,0x00000000d6800000)
  from space 512K, 18% used [0x00000000d6980000,0x00000000d6998000,0x00000000d6a00000)
  to   space 512K, 0% used [0x00000000d6900000,0x00000000d6900000,0x00000000d6980000)
 ParOldGen       total 358400K, used 311030K [0x0000000080000000, 0x0000000095e00000, 0x00000000d5580000)
  object space 358400K, 86% used [0x0000000080000000,0x0000000092fbd8b0,0x0000000095e00000)
 Metaspace       used 79135K, committed 80768K, reserved 1179648K
  class space    used 9691K, committed 10432K, reserved 1048576K
}
Event: 269.776 GC heap before
{Heap before GC invocations=820 (full 3):
 PSYoungGen      total 19456K, used 19040K [0x00000000d5580000, 0x00000000d6a00000, 0x0000000100000000)
  eden space 18944K, 100% used [0x00000000d5580000,0x00000000d6800000,0x00000000d6800000)
  from space 512K, 18% used [0x00000000d6980000,0x00000000d6998000,0x00000000d6a00000)
  to   space 512K, 0% used [0x00000000d6900000,0x00000000d6900000,0x00000000d6980000)
 ParOldGen       total 358400K, used 311030K [0x0000000080000000, 0x0000000095e00000, 0x00000000d5580000)
  object space 358400K, 86% used [0x0000000080000000,0x0000000092fbd8b0,0x0000000095e00000)
 Metaspace       used 79135K, committed 80768K, reserved 1179648K
  class space    used 9691K, committed 10432K, reserved 1048576K
}
Event: 269.777 GC heap after
{Heap after GC invocations=820 (full 3):
 PSYoungGen      total 19456K, used 256K [0x00000000d5580000, 0x00000000d6a00000, 0x0000000100000000)
  eden space 18944K, 0% used [0x00000000d5580000,0x00000000d5580000,0x00000000d6800000)
  from space 512K, 50% used [0x00000000d6900000,0x00000000d6940000,0x00000000d6980000)
  to   space 512K, 0% used [0x00000000d6980000,0x00000000d6980000,0x00000000d6a00000)
 ParOldGen       total 358400K, used 311030K [0x0000000080000000, 0x0000000095e00000, 0x00000000d5580000)
  object space 358400K, 86% used [0x0000000080000000,0x0000000092fbd8b0,0x0000000095e00000)
 Metaspace       used 79135K, committed 80768K, reserved 1179648K
  class space    used 9691K, committed 10432K, reserved 1048576K
}
Event: 269.918 GC heap before
{Heap before GC invocations=821 (full 3):
 PSYoungGen      total 19456K, used 19200K [0x00000000d5580000, 0x00000000d6a00000, 0x0000000100000000)
  eden space 18944K, 100% used [0x00000000d5580000,0x00000000d6800000,0x00000000d6800000)
  from space 512K, 50% used [0x00000000d6900000,0x00000000d6940000,0x00000000d6980000)
  to   space 512K, 0% used [0x00000000d6980000,0x00000000d6980000,0x00000000d6a00000)
 ParOldGen       total 358400K, used 311030K [0x0000000080000000, 0x0000000095e00000, 0x00000000d5580000)
  object space 358400K, 86% used [0x0000000080000000,0x0000000092fbd8b0,0x0000000095e00000)
 Metaspace       used 79135K, committed 80768K, reserved 1179648K
  class space    used 9691K, committed 10432K, reserved 1048576K
}
Event: 269.920 GC heap after
{Heap after GC invocations=821 (full 3):
 PSYoungGen      total 19456K, used 224K [0x00000000d5580000, 0x00000000d6a00000, 0x0000000100000000)
  eden space 18944K, 0% used [0x00000000d5580000,0x00000000d5580000,0x00000000d6800000)
  from space 512K, 43% used [0x00000000d6980000,0x00000000d69b8000,0x00000000d6a00000)
  to   space 512K, 0% used [0x00000000d6900000,0x00000000d6900000,0x00000000d6980000)
 ParOldGen       total 358400K, used 311062K [0x0000000080000000, 0x0000000095e00000, 0x00000000d5580000)
  object space 358400K, 86% used [0x0000000080000000,0x0000000092fc58b0,0x0000000095e00000)
 Metaspace       used 79135K, committed 80768K, reserved 1179648K
  class space    used 9691K, committed 10432K, reserved 1048576K
}
Event: 270.034 GC heap before
{Heap before GC invocations=822 (full 3):
 PSYoungGen      total 19456K, used 19168K [0x00000000d5580000, 0x00000000d6a00000, 0x0000000100000000)
  eden space 18944K, 100% used [0x00000000d5580000,0x00000000d6800000,0x00000000d6800000)
  from space 512K, 43% used [0x00000000d6980000,0x00000000d69b8000,0x00000000d6a00000)
  to   space 512K, 0% used [0x00000000d6900000,0x00000000d6900000,0x00000000d6980000)
 ParOldGen       total 358400K, used 311062K [0x0000000080000000, 0x0000000095e00000, 0x00000000d5580000)
  object space 358400K, 86% used [0x0000000080000000,0x0000000092fc58b0,0x0000000095e00000)
 Metaspace       used 79135K, committed 80768K, reserved 1179648K
  class space    used 9691K, committed 10432K, reserved 1048576K
}
Event: 270.035 GC heap after
{Heap after GC invocations=822 (full 3):
 PSYoungGen      total 19456K, used 256K [0x00000000d5580000, 0x00000000d6a00000, 0x0000000100000000)
  eden space 18944K, 0% used [0x00000000d5580000,0x00000000d5580000,0x00000000d6800000)
  from space 512K, 50% used [0x00000000d6900000,0x00000000d6940000,0x00000000d6980000)
  to   space 512K, 0% used [0x00000000d6980000,0x00000000d6980000,0x00000000d6a00000)
 ParOldGen       total 358400K, used 311062K [0x0000000080000000, 0x0000000095e00000, 0x00000000d5580000)
  object space 358400K, 86% used [0x0000000080000000,0x0000000092fc58b0,0x0000000095e00000)
 Metaspace       used 79135K, committed 80768K, reserved 1179648K
  class space    used 9691K, committed 10432K, reserved 1048576K
}
Event: 270.141 GC heap before
{Heap before GC invocations=823 (full 3):
 PSYoungGen      total 19456K, used 19200K [0x00000000d5580000, 0x00000000d6a00000, 0x0000000100000000)
  eden space 18944K, 100% used [0x00000000d5580000,0x00000000d6800000,0x00000000d6800000)
  from space 512K, 50% used [0x00000000d6900000,0x00000000d6940000,0x00000000d6980000)
  to   space 512K, 0% used [0x00000000d6980000,0x00000000d6980000,0x00000000d6a00000)
 ParOldGen       total 358400K, used 311062K [0x0000000080000000, 0x0000000095e00000, 0x00000000d5580000)
  object space 358400K, 86% used [0x0000000080000000,0x0000000092fc58b0,0x0000000095e00000)
 Metaspace       used 79135K, committed 80768K, reserved 1179648K
  class space    used 9691K, committed 10432K, reserved 1048576K
}
Event: 270.142 GC heap after
{Heap after GC invocations=823 (full 3):
 PSYoungGen      total 19456K, used 160K [0x00000000d5580000, 0x00000000d6a00000, 0x0000000100000000)
  eden space 18944K, 0% used [0x00000000d5580000,0x00000000d5580000,0x00000000d6800000)
  from space 512K, 31% used [0x00000000d6980000,0x00000000d69a8000,0x00000000d6a00000)
  to   space 512K, 0% used [0x00000000d6900000,0x00000000d6900000,0x00000000d6980000)
 ParOldGen       total 358400K, used 311086K [0x0000000080000000, 0x0000000095e00000, 0x00000000d5580000)
  object space 358400K, 86% used [0x0000000080000000,0x0000000092fcb8b0,0x0000000095e00000)
 Metaspace       used 79135K, committed 80768K, reserved 1179648K
  class space    used 9691K, committed 10432K, reserved 1048576K
}
Event: 270.404 GC heap before
{Heap before GC invocations=824 (full 3):
 PSYoungGen      total 19456K, used 19104K [0x00000000d5580000, 0x00000000d6a00000, 0x0000000100000000)
  eden space 18944K, 100% used [0x00000000d5580000,0x00000000d6800000,0x00000000d6800000)
  from space 512K, 31% used [0x00000000d6980000,0x00000000d69a8000,0x00000000d6a00000)
  to   space 512K, 0% used [0x00000000d6900000,0x00000000d6900000,0x00000000d6980000)
 ParOldGen       total 358400K, used 311086K [0x0000000080000000, 0x0000000095e00000, 0x00000000d5580000)
  object space 358400K, 86% used [0x0000000080000000,0x0000000092fcb8b0,0x0000000095e00000)
 Metaspace       used 79145K, committed 80768K, reserved 1179648K
  class space    used 9691K, committed 10432K, reserved 1048576K
}
Event: 270.406 GC heap after
{Heap after GC invocations=824 (full 3):
 PSYoungGen      total 19456K, used 288K [0x00000000d5580000, 0x00000000d6a00000, 0x0000000100000000)
  eden space 18944K, 0% used [0x00000000d5580000,0x00000000d5580000,0x00000000d6800000)
  from space 512K, 56% used [0x00000000d6900000,0x00000000d6948000,0x00000000d6980000)
  to   space 512K, 0% used [0x00000000d6980000,0x00000000d6980000,0x00000000d6a00000)
 ParOldGen       total 358400K, used 311094K [0x0000000080000000, 0x0000000095e00000, 0x00000000d5580000)
  object space 358400K, 86% used [0x0000000080000000,0x0000000092fcd8b0,0x0000000095e00000)
 Metaspace       used 79145K, committed 80768K, reserved 1179648K
  class space    used 9691K, committed 10432K, reserved 1048576K
}
Event: 271.380 GC heap before
{Heap before GC invocations=825 (full 3):
 PSYoungGen      total 19456K, used 19179K [0x00000000d5580000, 0x00000000d6a00000, 0x0000000100000000)
  eden space 18944K, 99% used [0x00000000d5580000,0x00000000d67f2d68,0x00000000d6800000)
  from space 512K, 56% used [0x00000000d6900000,0x00000000d6948000,0x00000000d6980000)
  to   space 512K, 0% used [0x00000000d6980000,0x00000000d6980000,0x00000000d6a00000)
 ParOldGen       total 358400K, used 311094K [0x0000000080000000, 0x0000000095e00000, 0x00000000d5580000)
  object space 358400K, 86% used [0x0000000080000000,0x0000000092fcd8b0,0x0000000095e00000)
 Metaspace       used 79297K, committed 80960K, reserved 1179648K
  class space    used 9707K, committed 10432K, reserved 1048576K
}
Event: 271.404 GC heap after
{Heap after GC invocations=825 (full 3):
 PSYoungGen      total 12288K, used 495K [0x00000000d5580000, 0x00000000d7900000, 0x0000000100000000)
  eden space 11776K, 0% used [0x00000000d5580000,0x00000000d5580000,0x00000000d6100000)
  from space 512K, 96% used [0x00000000d6980000,0x00000000d69fbfd8,0x00000000d6a00000)
  to   space 8704K, 0% used [0x00000000d6100000,0x00000000d6100000,0x00000000d6980000)
 ParOldGen       total 358400K, used 318055K [0x0000000080000000, 0x0000000095e00000, 0x00000000d5580000)
  object space 358400K, 88% used [0x0000000080000000,0x0000000093699c68,0x0000000095e00000)
 Metaspace       used 79297K, committed 80960K, reserved 1179648K
  class space    used 9707K, committed 10432K, reserved 1048576K
}

