# JRE version: Java(TM) SE Runtime Environment (24.0.1+9) (build 24.0.1+9-30)
# Java VM: Java HotSpot(TM) 64-Bit Server VM (24.0.1+9-30, mixed mode, sharing, tiered, compressed oops, compressed class ptrs, g1 gc, windows-amd64)
GC Precious Log:
 CardTable entry size: 512
 Card Set container configuration: InlinePtr #cards 4 size 8 Array Of Cards #cards 32 size 80 Howl #buckets 8 coarsen threshold 7372 Howl Bitmap #cards 1024 size 144 coarsen threshold 921 Card regions per heap region 1 cards per card region 8192
 CPUs: 12 total, 12 available
 Memory: 7484M
 Large Page Support: Disabled
 NUMA Support: Disabled
 Compressed Oops: Enabled (Zero based)
 Heap Region Size: 4M
 Heap Min Capacity: 8M
 Heap Initial Capacity: 120M
 Heap Max Capacity: 8G
 Pre-touch: Disabled
 Parallel Workers: 10
 Concurrent Workers: 3
 Concurrent Refinement Workers: 10
 Periodic GC: Disabled
Heap:
 garbage-first heap   total reserved 8388608K, committed 380928K, used 225280K [0x0000000600000000, 0x0000000800000000)
  region size 4096K, 5 young (20480K), 5 survivors (20480K)
 Metaspace       used 114379K, committed 116800K, reserved 1179648K
  class space    used 13053K, committed 14208K, reserved 1048576K
GC Heap History (20 events):
Event: 79.761 GC heap after
{Heap after GC invocations=43 (full 0):
 garbage-first heap   total reserved 8388608K, committed 274432K, used 137147K [0x0000000600000000, 0x0000000800000000)
  region size 4096K, 3 young (12288K), 3 survivors (12288K)
 Metaspace       used 100245K, committed 102528K, reserved 1179648K
  class space    used 11237K, committed 12352K, reserved 1048576K
}
Event: 84.441 GC heap before
{Heap before GC invocations=43 (full 0):
 garbage-first heap   total reserved 8388608K, committed 274432K, used 235451K [0x0000000600000000, 0x0000000800000000)
  region size 4096K, 28 young (114688K), 3 survivors (12288K)
 Metaspace       used 101815K, committed 104192K, reserved 1179648K
  class space    used 11432K, committed 12544K, reserved 1048576K
}
Event: 84.521 GC heap after
{Heap after GC invocations=44 (full 0):
 garbage-first heap   total reserved 8388608K, committed 274432K, used 149905K [0x0000000600000000, 0x0000000800000000)
  region size 4096K, 4 young (16384K), 4 survivors (16384K)
 Metaspace       used 101815K, committed 104192K, reserved 1179648K
  class space    used 11432K, committed 12544K, reserved 1048576K
}
Event: 85.847 GC heap before
{Heap before GC invocations=45 (full 0):
 garbage-first heap   total reserved 8388608K, committed 274432K, used 240017K [0x0000000600000000, 0x0000000800000000)
  region size 4096K, 26 young (106496K), 4 survivors (16384K)
 Metaspace       used 101882K, committed 104256K, reserved 1179648K
  class space    used 11432K, committed 12544K, reserved 1048576K
}
Event: 85.886 GC heap after
{Heap after GC invocations=46 (full 0):
 garbage-first heap   total reserved 8388608K, committed 274432K, used 153769K [0x0000000600000000, 0x0000000800000000)
  region size 4096K, 2 young (8192K), 2 survivors (8192K)
 Metaspace       used 101882K, committed 104256K, reserved 1179648K
  class space    used 11432K, committed 12544K, reserved 1048576K
}
Event: 89.207 GC heap before
{Heap before GC invocations=46 (full 0):
 garbage-first heap   total reserved 8388608K, committed 274432K, used 239785K [0x0000000600000000, 0x0000000800000000)
  region size 4096K, 24 young (98304K), 2 survivors (8192K)
 Metaspace       used 103486K, committed 105856K, reserved 1179648K
  class space    used 11653K, committed 12800K, reserved 1048576K
}
Event: 89.321 GC heap after
{Heap after GC invocations=47 (full 0):
 garbage-first heap   total reserved 8388608K, committed 274432K, used 161868K [0x0000000600000000, 0x0000000800000000)
  region size 4096K, 3 young (12288K), 3 survivors (12288K)
 Metaspace       used 103486K, committed 105856K, reserved 1179648K
  class space    used 11653K, committed 12800K, reserved 1048576K
}
Event: 92.830 GC heap before
{Heap before GC invocations=47 (full 0):
 garbage-first heap   total reserved 8388608K, committed 274432K, used 243788K [0x0000000600000000, 0x0000000800000000)
  region size 4096K, 23 young (94208K), 3 survivors (12288K)
 Metaspace       used 106712K, committed 109120K, reserved 1179648K
  class space    used 12132K, committed 13248K, reserved 1048576K
}
Event: 92.921 GC heap after
{Heap after GC invocations=48 (full 0):
 garbage-first heap   total reserved 8388608K, committed 380928K, used 169778K [0x0000000600000000, 0x0000000800000000)
  region size 4096K, 2 young (8192K), 2 survivors (8192K)
 Metaspace       used 106712K, committed 109120K, reserved 1179648K
  class space    used 12132K, committed 13248K, reserved 1048576K
}
Event: 99.385 GC heap before
{Heap before GC invocations=49 (full 0):
 garbage-first heap   total reserved 8388608K, committed 380928K, used 304946K [0x0000000600000000, 0x0000000800000000)
  region size 4096K, 35 young (143360K), 2 survivors (8192K)
 Metaspace       used 112464K, committed 114880K, reserved 1179648K
  class space    used 12881K, committed 14016K, reserved 1048576K
}
Event: 99.548 GC heap after
{Heap after GC invocations=50 (full 0):
 garbage-first heap   total reserved 8388608K, committed 380928K, used 184189K [0x0000000600000000, 0x0000000800000000)
  region size 4096K, 5 young (20480K), 5 survivors (20480K)
 Metaspace       used 112464K, committed 114880K, reserved 1179648K
  class space    used 12881K, committed 14016K, reserved 1048576K
}
Event: 111.284 GC heap before
{Heap before GC invocations=50 (full 0):
 garbage-first heap   total reserved 8388608K, committed 380928K, used 257917K [0x0000000600000000, 0x0000000800000000)
  region size 4096K, 23 young (94208K), 5 survivors (20480K)
 Metaspace       used 113539K, committed 115904K, reserved 1179648K
  class space    used 13027K, committed 14144K, reserved 1048576K
}
Event: 111.666 GC heap after
{Heap after GC invocations=51 (full 0):
 garbage-first heap   total reserved 8388608K, committed 380928K, used 190218K [0x0000000600000000, 0x0000000800000000)
  region size 4096K, 2 young (8192K), 2 survivors (8192K)
 Metaspace       used 113539K, committed 115904K, reserved 1179648K
  class space    used 13027K, committed 14144K, reserved 1048576K
}
Event: 112.230 GC heap before
{Heap before GC invocations=51 (full 0):
 garbage-first heap   total reserved 8388608K, committed 380928K, used 198410K [0x0000000600000000, 0x0000000800000000)
  region size 4096K, 4 young (16384K), 2 survivors (8192K)
 Metaspace       used 113546K, committed 115904K, reserved 1179648K
  class space    used 13027K, committed 14144K, reserved 1048576K
}
Event: 112.278 GC heap after
{Heap after GC invocations=52 (full 0):
 garbage-first heap   total reserved 8388608K, committed 380928K, used 191280K [0x0000000600000000, 0x0000000800000000)
  region size 4096K, 1 young (4096K), 1 survivors (4096K)
 Metaspace       used 113546K, committed 115904K, reserved 1179648K
  class space    used 13027K, committed 14144K, reserved 1048576K
}
Event: 116.234 GC heap before
{Heap before GC invocations=52 (full 0):
 garbage-first heap   total reserved 8388608K, committed 380928K, used 314160K [0x0000000600000000, 0x0000000800000000)
  region size 4096K, 31 young (126976K), 1 survivors (4096K)
 Metaspace       used 113811K, committed 116224K, reserved 1179648K
  class space    used 13034K, committed 14144K, reserved 1048576K
}
Event: 116.248 GC heap after
{Heap after GC invocations=53 (full 0):
 garbage-first heap   total reserved 8388608K, committed 380928K, used 200525K [0x0000000600000000, 0x0000000800000000)
  region size 4096K, 3 young (12288K), 3 survivors (12288K)
 Metaspace       used 113811K, committed 116224K, reserved 1179648K
  class space    used 13034K, committed 14144K, reserved 1048576K
}
Event: 117.510 GC heap before
{Heap before GC invocations=53 (full 0):
 garbage-first heap   total reserved 8388608K, committed 380928K, used 323405K [0x0000000600000000, 0x0000000800000000)
  region size 4096K, 33 young (135168K), 3 survivors (12288K)
 Metaspace       used 114015K, committed 116352K, reserved 1179648K
  class space    used 13036K, committed 14144K, reserved 1048576K
}
Event: 117.525 GC heap after
{Heap after GC invocations=54 (full 0):
 garbage-first heap   total reserved 8388608K, committed 380928K, used 210285K [0x0000000600000000, 0x0000000800000000)
  region size 4096K, 5 young (20480K), 5 survivors (20480K)
 Metaspace       used 114015K, committed 116352K, reserved 1179648K
  class space    used 13036K, committed 14144K, reserved 1048576K
}
Event: 123.630 GC heap before
{Heap before GC invocations=54 (full 0):
 garbage-first heap   total reserved 8388608K, committed 380928K, used 333165K [0x0000000600000000, 0x0000000800000000)
  region size 4096K, 35 young (143360K), 5 survivors (20480K)
 Metaspace       used 114379K, committed 116800K, reserved 1179648K
  class space    used 13053K, committed 14208K, reserved 1048576K
}

